<?xml version="1.0" encoding="UTF-8"?>
<!-- Generated by org.testng.reporters.JUnitReportReporter -->
<testsuite skipped="0" hostname="Adityan-PC" name="org.demo.TestNGDemo" tests="5" failures="0" timestamp="27 Jan 2022 04:58:48 GMT" time="50.294" errors="0">
  <testcase name="tc3" time="18.748" classname="org.demo.TestNGDemo"/>
  <testcase name="tc1" time="5.978" classname="org.demo.TestNGDemo"/>
  <testcase name="tc1" time="6.209" classname="org.demo.TestNGDemo"/>
  <testcase name="tc1" time="7.083" classname="org.demo.TestNGDemo"/>
  <testcase name="tc2" time="12.276" classname="org.demo.TestNGDemo"/>
</testsuite> <!-- org.demo.TestNGDemo -->
